2021-10-07 01:00:36 info: GET STORE DATA FOR MAP -POST- (::1)
2021-10-07 01:00:38 info: GET STORE DATA FOR MAP -POST- (::1)
2021-10-07 01:02:35 info: GET STORE DATA FOR MAP -POST- (::1)
2021-10-07 01:03:02 info: GET STORE DATA FOR MAP -POST- (::1)
2021-10-07 01:03:07 info: USER SIGNOUT -POST- (::1)
2021-10-07 01:03:10 info: GET STORE DATA FOR MAP -POST- (::1)
2021-10-07 01:03:24 info: USER LOGIN -POST- (::1)
2021-10-07 01:03:27 info: GET STORE DATA FOR MAP -POST- (::1)
2021-10-07 01:03:30 info: GET STORE DATA FOR MAP -POST- (::1)
2021-10-07 01:03:40 info: USER SIGNOUT -POST- (::1)
2021-10-07 01:03:43 info: GET STORE DATA FOR MAP -POST- (::1)
2021-10-07 01:03:58 info: USER LOGIN -POST- (::1)
2021-10-07 01:04:01 info: GET STORE DATA FOR MAP -POST- (::1)
2021-10-07 01:04:03 info: GET STORE DATA FOR MAP -POST- (::1)
2021-10-07 01:04:17 info: GET STORE DATA FOR MAP -POST- (::1)
2021-10-07 01:04:33 info: GET STORE DATA FOR MAP -POST- (::1)
2021-10-07 01:04:34 info: GET STORE DATA FOR MAP -POST- (::1)
2021-10-07 01:04:36 info: GET STORE DATA FOR MAP -POST- (::1)
2021-10-07 01:04:37 info: GET STORE DATA FOR MAP -POST- (::1)
2021-10-07 01:04:49 info: GET STORE DATA -GET- (::1)
2021-10-07 01:05:23 info: GET STORE DATA FOR MAP -POST- (::1)
2021-10-07 01:05:23 info: GET STORE DATA FOR MAP -POST- (::1)
2021-10-07 01:05:49 info: GET STORE DATA FOR MAP -POST- (::1)
2021-10-07 01:06:01 info: GET STORE DATA FOR MAP -POST- (::1)
2021-10-07 01:06:02 info: GET STORE DATA FOR MAP -POST- (::1)
2021-10-07 01:06:03 info: GET STORE DATA FOR MAP -POST- (::1)
2021-10-07 01:06:04 info: GET STORE DATA FOR MAP -POST- (::1)
2021-10-07 01:06:04 info: GET STORE DATA FOR MAP -POST- (::1)
2021-10-07 01:06:05 info: GET STORE DATA FOR MAP -POST- (::1)
2021-10-07 01:06:07 info: GET STORE DATA FOR MAP -POST- (::1)
2021-10-07 01:06:12 info: GET STORE DATA FOR MAP -POST- (::1)
2021-10-07 01:06:20 info: GET STORE DATA FOR MAP -POST- (::1)
2021-10-07 01:06:23 info: GET STORE DATA FOR MAP -POST- (::1)
2021-10-07 01:06:28 info: GET STORE DATA FOR MAP -POST- (::1)
2021-10-07 01:06:39 info: GET STORE DATA FOR MAP -POST- (::1)
2021-10-07 01:06:44 info: GET STORE DATA FOR MAP -POST- (::1)
2021-10-07 01:07:04 info: GET STORE DATA FOR MAP -POST- (::1)
2021-10-07 01:07:23 info: GET STORE DATA FOR MAP -POST- (::1)
2021-10-07 01:07:24 info: GET STORE DATA FOR MAP -POST- (::1)
2021-10-07 01:07:25 info: GET STORE DATA FOR MAP -POST- (::1)
2021-10-07 01:07:26 info: GET STORE DATA FOR MAP -POST- (::1)
2021-10-07 01:07:27 info: GET STORE DATA FOR MAP -POST- (::1)
2021-10-07 01:07:31 info: GET STORE DATA FOR MAP -POST- (::1)
2021-10-07 01:09:42 info: GET STORE DATA FOR MAP -POST- (::1)
2021-10-07 01:09:45 info: GET STORE DATA FOR MAP -POST- (::1)
2021-10-07 01:11:18 info: GET STORE DATA FOR MAP -POST- (::1)
2021-10-07 01:11:26 info: GET STORE DATA FOR MAP -POST- (::1)
2021-10-07 01:11:40 info: GET STORE DATA FOR MAP -POST- (::1)
2021-10-07 01:12:07 info: GET STORE DATA FOR MAP -POST- (::1)
2021-10-07 01:12:12 info: GET STORE DATA FOR MAP -POST- (::1)
2021-10-07 01:12:16 info: GET STORE DATA FOR MAP -POST- (::1)
2021-10-07 01:12:18 info: GET STORE DATA FOR MAP -POST- (::1)
2021-10-07 01:12:21 info: GET STORE DATA FOR MAP -POST- (::1)
2021-10-07 01:12:26 info: GET STORE DATA FOR MAP -POST- (::1)
2021-10-07 01:12:32 info: GET STORE DATA FOR MAP -POST- (::1)
2021-10-07 01:12:43 info: GET STORE DATA FOR MAP -POST- (::1)
2021-10-07 01:12:49 info: GET STORE DATA FOR MAP -POST- (::1)
2021-10-07 01:13:01 info: GET STORE DATA FOR MAP -POST- (::1)
2021-10-07 01:13:07 info: GET STORE DATA FOR MAP -POST- (::1)
2021-10-07 01:13:19 info: GET STORE DATA FOR MAP -POST- (::1)
2021-10-07 01:13:22 info: GET STORE DATA FOR MAP -POST- (::1)
2021-10-07 01:13:28 info: GET STORE DATA FOR MAP -POST- (::1)
2021-10-07 01:13:34 info: GET STORE DATA FOR MAP -POST- (::1)
2021-10-07 01:14:52 info: GET STORE DATA FOR MAP -POST- (::1)
2021-10-07 01:15:04 info: GET STORE DATA FOR MAP -POST- (::1)
2021-10-07 01:15:05 info: GET STORE DATA FOR MAP -POST- (::1)
2021-10-07 01:15:05 info: GET STORE DATA FOR MAP -POST- (::1)
2021-10-07 01:15:06 info: GET STORE DATA FOR MAP -POST- (::1)
2021-10-07 01:15:07 info: GET STORE DATA FOR MAP -POST- (::1)
2021-10-07 01:15:10 info: GET STORE DATA FOR MAP -POST- (::1)
2021-10-07 01:15:18 info: GET STORE DATA FOR MAP -POST- (::1)
2021-10-07 01:15:35 info: GET STORE DATA FOR MAP -POST- (::1)
2021-10-07 01:15:46 info: GET STORE DATA FOR MAP -POST- (::1)
2021-10-07 01:15:47 info: GET STORE DATA FOR MAP -POST- (::1)
2021-10-07 01:15:48 info: GET STORE DATA FOR MAP -POST- (::1)
2021-10-07 01:15:48 info: GET STORE DATA FOR MAP -POST- (::1)
2021-10-07 01:15:51 info: GET STORE DATA FOR MAP -POST- (::1)
2021-10-07 01:15:57 info: GET STORE DATA FOR MAP -POST- (::1)
2021-10-07 01:17:34 info: ADD USER ADDRESS -POST- (::1)
2021-10-07 01:17:40 info: USER SIGNOUT -POST- (::1)
2021-10-07 01:17:44 info: GET STORE DATA FOR MAP -POST- (::1)
2021-10-07 01:17:53 info: OAuth KAKAO LOGIN -POST- (::1)
2021-10-07 01:17:53 error: OAuth KAKAO LOGIN -POST- (::1)
2021-10-07 01:17:57 info: GET STORE DATA FOR MAP -POST- (::1)
2021-10-07 01:18:12 info: ADD USER ADDRESS -POST- (::1)
2021-10-07 01:19:19 info: GET STORE DATA FOR MAP -POST- (::1)
2021-10-07 01:19:20 info: GET STORE DATA FOR MAP -POST- (::1)
2021-10-07 01:19:34 info: GET STORE DATA FOR MAP -POST- (::1)
2021-10-07 01:19:35 info: OAuth KAKAO SIGNOUT -POST- (::1)
2021-10-07 01:19:38 info: GET STORE DATA FOR MAP -POST- (::1)
2021-10-07 01:19:50 info: OAuth KAKAO LOGIN -POST- (::1)
2021-10-07 01:19:50 error: OAuth KAKAO LOGIN -POST- (::1)
2021-10-07 01:19:54 info: GET STORE DATA FOR MAP -POST- (::1)
2021-10-07 01:20:05 info: ADD USER ADDRESS -POST- (::1)
2021-10-07 01:20:38 info: OAuth KAKAO SIGNOUT -POST- (::1)
2021-10-07 01:20:41 info: GET STORE DATA FOR MAP -POST- (::1)
2021-10-07 01:20:48 info: OAuth KAKAO LOGIN -POST- (::1)
2021-10-07 01:20:48 error: OAuth KAKAO LOGIN -POST- (::1)
2021-10-07 01:20:52 info: GET STORE DATA FOR MAP -POST- (::1)
2021-10-07 01:21:09 info: ADD USER ADDRESS -POST- (::1)
2021-10-07 01:21:38 info: ADD USER ADDRESS -POST- (::1)
2021-10-07 01:22:11 info: OAuth KAKAO SIGNOUT -POST- (::1)
2021-10-07 01:22:15 info: GET STORE DATA FOR MAP -POST- (::1)
2021-10-07 01:22:21 info: OAuth KAKAO LOGIN -POST- (::1)
2021-10-07 01:22:21 error: OAuth KAKAO LOGIN -POST- (::1)
2021-10-07 01:22:24 info: GET STORE DATA FOR MAP -POST- (::1)
2021-10-07 01:23:45 info: ADD USER ADDRESS -POST- (::1)
2021-10-07 01:24:12 info: ADD USER ADDRESS -POST- (::1)
2021-10-07 01:27:00 info: GET STORE DATA FOR MAP -POST- (::1)
2021-10-07 01:27:41 info: GET STORE DATA FOR MAP -POST- (::1)
2021-10-07 01:27:55 info: GET STORE DATA FOR MAP -POST- (::1)
2021-10-07 01:27:56 info: GET STORE DATA FOR MAP -POST- (::1)
2021-10-07 01:38:22 info: GET STORE DATA FOR MAP -POST- (::1)
2021-10-07 01:38:59 info: GET STORE DATA FOR MAP -POST- (::1)
2021-10-07 01:40:29 info: GET STORE DATA FOR MAP -POST- (::1)
2021-10-07 01:43:36 info: GET STORE DATA FOR MAP -POST- (::1)
2021-10-07 01:43:38 info: GET STORE DATA FOR MAP -POST- (::1)
2021-10-07 01:43:56 info: GET STORE DATA FOR MAP -POST- (::1)
2021-10-07 01:44:28 info: GET STORE DATA FOR MAP -POST- (::1)
2021-10-07 01:45:00 info: GET STORE DATA FOR MAP -POST- (::1)
2021-10-07 02:48:04 info: UptoDoor listening port at 3060
2021-10-07 02:48:05 info: GET STORE DATA FOR MAP -POST- (::1)
2021-10-07 09:46:50 info: GET USER INFO -GET- (::1)
2021-10-07 09:46:57 info: GET STORE DATA FOR MAP -POST- (::1)
2021-10-07 20:10:14 info: UptoDoor listening port at 3060
2021-10-07 20:10:30 info: GET USER INFO -GET- (::1)
2021-10-07 20:10:59 info: GET USER INFO -GET- (::1)
2021-10-07 20:11:02 info: OAuth KAKAO SIGNOUT -POST- (::1)
2021-10-07 20:11:02 error: OAuth KAKAO SIGNOUT -POST- (::1)
2021-10-07 20:11:07 info: GET STORE DATA FOR MAP -POST- (::1)
2021-10-07 20:11:41 info: GET STORE DATA FOR MAP -POST- (::1)
2021-10-07 20:11:53 info: GET STORE DATA FOR MAP -POST- (::1)
2021-10-07 20:13:04 info: GET STORE DATA FOR MAP -POST- (::1)
2021-10-07 23:56:03 info: UptoDoor listening port at 3060
2021-10-07 23:56:31 info: USER LOGIN -POST- (::1)
2021-10-07 23:56:35 info: GET STORE DATA FOR MAP -POST- (::1)
2021-10-07 23:56:36 info: GET STORE DATA FOR MAP -POST- (::1)
2021-10-07 23:56:39 info: GET STORE DATA -GET- (::1)
