2021-10-05 01:26:03 info: UptoDoor listening port at 3060
2021-10-05 01:26:36 info: UptoDoor listening port at 3060
2021-10-05 01:27:00 info: UptoDoor listening port at 3060
2021-10-05 01:28:15 info: UptoDoor listening port at 3060
2021-10-05 01:30:17 info: UptoDoor listening port at 3060
2021-10-05 01:31:12 info: UptoDoor listening port at 3060
2021-10-05 01:33:41 info: GET /
2021-10-05 01:36:58 info: GET /
2021-10-05 01:37:04 error: Error Message
2021-10-05 01:37:55 info: GET /
2021-10-05 02:02:12 info: UptoDoor listening port at 3060
2021-10-05 02:02:28 info: GET /
2021-10-05 02:14:19 info: UptoDoor listening port at 3060
2021-10-05 02:14:34 info: GET Auth
2021-10-05 02:14:34 error: Error
2021-10-05 02:18:42 info: UptoDoor listening port at 3060
2021-10-05 02:18:56 info: IP = ::1
2021-10-05 10:42:50 info: UptoDoor listening port at 3060
2021-10-05 10:43:22 info: GET STORE DATA FOR MAP -POST- (::1)
2021-10-05 10:43:26 info: GET STORE DATA FOR MAP -POST- (::1)
2021-10-05 10:43:31 info: GET STORE DATA FOR MAP -POST- (::1)
2021-10-05 10:45:25 info: USER LOGIN -POST- (::1)
2021-10-05 10:45:28 info: GET USER INFO -GET- (::1)
2021-10-05 10:45:29 info: ADMIN INFO -GET- (::1)
2021-10-05 10:45:33 info: GET USER INFO -GET- (::1)
2021-10-05 10:45:35 info: GET USER INFO -GET- (::1)
2021-10-05 10:47:02 info: GET USER INFO -GET- (::1)
2021-10-05 10:47:11 info: GET USER INFO -GET- (::1)
2021-10-05 10:47:18 info: GET USER INFO -GET- (::1)
2021-10-05 10:47:23 info: GET USER INFO -GET- (::1)
2021-10-05 10:47:24 info: ADMIN INFO -GET- (::1)
2021-10-05 10:47:28 info: GET STORE DATA -GET- (::1)
2021-10-05 10:47:34 info: GET USER INFO -GET- (::1)
2021-10-05 10:47:59 info: GET STORE DATA FOR MAP -POST- (::1)
2021-10-05 10:48:07 info: GET STORE DATA -GET- (::1)
2021-10-05 10:48:39 info: GET STORE DATA FOR MAP -POST- (::1)
2021-10-05 10:49:02 info: GET STORE DATA FOR MAP -POST- (::1)
2021-10-05 10:49:03 info: GET STORE DATA FOR MAP -POST- (::1)
2021-10-05 10:49:04 info: GET STORE DATA FOR MAP -POST- (::1)
2021-10-05 10:49:29 info: GET STORE DATA FOR MAP -POST- (::1)
2021-10-05 10:52:15 info: Analysis DATA -GET- (::1)
2021-10-05 10:55:01 info: GET STORE DATA FOR MAP -POST- (::1)
2021-10-05 10:55:02 info: USER SIGNOUT -POST- (::1)
2021-10-05 10:55:06 info: GET STORE DATA FOR MAP -POST- (::1)
