2021-10-06 00:33:39 info: USER LOGIN -POST- (::1)
2021-10-06 00:33:42 info: GET STORE DATA FOR MAP -POST- (::1)
2021-10-06 00:33:44 info: GET USER INFO -GET- (::1)
2021-10-06 00:33:47 info: USER SIGNOUT -POST- (::1)
2021-10-06 00:33:51 info: GET STORE DATA FOR MAP -POST- (::1)
2021-10-06 00:34:00 info: USER LOGIN -POST- (::1)
2021-10-06 00:34:04 info: GET STORE DATA FOR MAP -POST- (::1)
2021-10-06 00:34:05 info: GET USER INFO -GET- (::1)
2021-10-06 00:34:57 info: GET STORE DATA FOR MAP -POST- (::1)
2021-10-06 00:34:58 info: GET USER INFO -GET- (::1)
2021-10-06 00:35:01 info: GET STORE DATA FOR MAP -POST- (::1)
2021-10-06 00:35:02 info: GET STORE DATA FOR MAP -POST- (::1)
2021-10-06 00:39:53 info: GET STORE DATA FOR MAP -POST- (::1)
2021-10-06 00:40:01 info: GET STORE DATA -GET- (::1)
2021-10-06 00:40:03 info: GET STORE DATA FOR MAP -POST- (::1)
2021-10-06 00:41:44 info: GET STORE DATA FOR MAP -POST- (::1)
2021-10-06 00:46:04 info: GET STORE DATA FOR MAP -POST- (::1)
2021-10-06 00:46:10 info: GET STORE DATA FOR MAP -POST- (::1)
2021-10-06 00:46:16 info: GET STORE DATA FOR MAP -POST- (::1)
2021-10-06 00:46:17 info: GET STORE DATA FOR MAP -POST- (::1)
2021-10-06 00:46:17 info: GET STORE DATA FOR MAP -POST- (::1)
2021-10-06 00:46:34 info: GET STORE DATA FOR MAP -POST- (::1)
2021-10-06 00:46:42 info: GET STORE DATA FOR MAP -POST- (::1)
2021-10-06 00:46:49 info: GET STORE DATA FOR MAP -POST- (::1)
2021-10-06 00:46:53 info: GET STORE DATA FOR MAP -POST- (::1)
2021-10-06 00:47:03 info: GET STORE DATA FOR MAP -POST- (::1)
2021-10-06 00:53:15 info: GET STORE DATA FOR MAP -POST- (::1)
2021-10-06 00:53:17 info: GET STORE DATA FOR MAP -POST- (::1)
2021-10-06 00:53:18 info: GET STORE DATA FOR MAP -POST- (::1)
2021-10-06 00:53:21 info: GET STORE DATA FOR MAP -POST- (::1)
2021-10-06 00:53:22 info: GET STORE DATA FOR MAP -POST- (::1)
2021-10-06 00:53:27 info: GET STORE DATA FOR MAP -POST- (::1)
2021-10-06 00:53:41 info: GET STORE DATA FOR MAP -POST- (::1)
2021-10-06 00:53:46 info: GET STORE DATA FOR MAP -POST- (::1)
2021-10-06 00:53:59 info: GET STORE DATA FOR MAP -POST- (::1)
2021-10-06 00:54:00 info: GET STORE DATA FOR MAP -POST- (::1)
2021-10-06 00:54:01 info: GET STORE DATA FOR MAP -POST- (::1)
2021-10-06 00:54:02 info: GET STORE DATA FOR MAP -POST- (::1)
2021-10-06 00:54:03 info: GET STORE DATA FOR MAP -POST- (::1)
2021-10-06 00:54:07 info: GET STORE DATA FOR MAP -POST- (::1)
2021-10-06 00:54:09 info: GET STORE DATA -GET- (::1)
2021-10-06 00:56:18 info: USER ORDER -POST- (::1)
2021-10-06 00:56:18 info: USER PAYMENT -POST- (::ffff:127.0.0.1)
2021-10-06 00:56:24 info: GET STORE DATA FOR MAP -POST- (::1)
2021-10-06 00:56:26 info: GET USER INFO -GET- (::1)
2021-10-06 00:56:38 info: USER PAY CANCEL -DELETE- (::1)
2021-10-06 00:56:43 info: GET STORE DATA FOR MAP -POST- (::1)
2021-10-06 00:56:44 info: GET USER INFO -GET- (::1)
2021-10-06 01:03:49 info: GET STORE DATA FOR MAP -POST- (::1)
2021-10-06 01:03:50 info: GET USER INFO -GET- (::1)
2021-10-06 01:03:51 info: GET STORE DATA FOR MAP -POST- (::1)
2021-10-06 01:03:59 info: GET STORE DATA FOR MAP -POST- (::1)
2021-10-06 01:04:00 info: GET STORE DATA FOR MAP -POST- (::1)
2021-10-06 01:04:13 info: GET STORE DATA FOR MAP -POST- (::1)
2021-10-06 01:04:14 info: GET STORE DATA FOR MAP -POST- (::1)
2021-10-06 01:04:15 info: GET STORE DATA FOR MAP -POST- (::1)
2021-10-06 01:04:16 info: GET STORE DATA FOR MAP -POST- (::1)
2021-10-06 01:04:17 info: GET STORE DATA FOR MAP -POST- (::1)
2021-10-06 01:04:18 info: GET STORE DATA FOR MAP -POST- (::1)
2021-10-06 01:04:21 info: GET STORE DATA FOR MAP -POST- (::1)
2021-10-06 01:04:24 info: GET STORE DATA -GET- (::1)
2021-10-06 01:06:05 info: USER ORDER -POST- (::1)
2021-10-06 01:06:05 info: USER PAYMENT -POST- (::ffff:127.0.0.1)
2021-10-06 01:06:11 info: GET STORE DATA FOR MAP -POST- (::1)
2021-10-06 01:06:13 info: GET USER INFO -GET- (::1)
2021-10-06 01:06:30 info: USER PAY CANCEL -DELETE- (::1)
2021-10-06 01:06:35 info: GET STORE DATA FOR MAP -POST- (::1)
2021-10-06 01:06:36 info: GET USER INFO -GET- (::1)
2021-10-06 01:06:58 info: USER SIGNOUT -POST- (::1)
2021-10-06 01:07:02 info: GET STORE DATA FOR MAP -POST- (::1)
2021-10-06 01:07:13 info: USER LOGIN -POST- (::1)
2021-10-06 01:07:16 info: GET STORE DATA FOR MAP -POST- (::1)
2021-10-06 01:07:19 info: GET USER INFO -GET- (::1)
2021-10-06 01:15:26 info: GET STORE DATA FOR MAP -POST- (::1)
2021-10-06 01:15:31 info: GET USER INFO -GET- (::1)
2021-10-06 01:31:27 info: GET USER INFO -GET- (::1)
2021-10-06 01:34:31 info: CREATE STORE -POST- (::1)
2021-10-06 01:34:33 info: GET USER INFO -GET- (::1)
2021-10-06 01:37:07 info: GET USER INFO -GET- (::1)
2021-10-06 01:37:07 info: GET USER INFO -GET- (::1)
2021-10-06 01:38:00 info: GET STORE DATA FOR MAP -POST- (::1)
2021-10-06 01:38:01 info: GET USER INFO -GET- (::1)
2021-10-06 01:38:07 info: GET STORE DATA FOR MAP -POST- (::1)
2021-10-06 01:55:09 info: GET USER INFO -GET- (::1)
2021-10-06 01:59:09 info: CREATE STORE -POST- (::1)
2021-10-06 01:59:09 info: ADMIN INFO -GET- (::1)
2021-10-06 01:59:11 info: GET USER INFO -GET- (::1)
2021-10-06 02:02:00 info: GET USER INFO -GET- (::1)
2021-10-06 02:04:48 info: GET USER INFO -GET- (::1)
2021-10-06 02:06:33 info: GET USER INFO -GET- (::1)
2021-10-06 02:06:37 info: GET STORE DATA FOR MAP -POST- (::1)
2021-10-06 02:06:39 info: GET USER INFO -GET- (::1)
2021-10-06 02:06:50 info: USER SIGNOUT -POST- (::1)
2021-10-06 02:06:53 info: GET STORE DATA FOR MAP -POST- (::1)
2021-10-06 02:08:42 info: USER LOGIN -POST- (::1)
2021-10-06 02:08:46 info: GET STORE DATA FOR MAP -POST- (::1)
2021-10-06 02:08:48 info: GET USER INFO -GET- (::1)
2021-10-06 02:14:18 info: CREATE STORE -POST- (::1)
2021-10-06 02:14:18 info: ADMIN INFO -GET- (::1)
2021-10-06 02:14:20 info: GET USER INFO -GET- (::1)
2021-10-06 02:14:25 info: ADMIN INFO -GET- (::1)
2021-10-06 02:14:30 info: GET STORE DATA -GET- (::1)
2021-10-06 02:15:20 info: UPDATE STORE -PATCH- (::1)
2021-10-06 02:15:20 info: ADMIN INFO -GET- (::1)
2021-10-06 02:24:28 info: GET STORE DATA FOR MAP -POST- (::1)
2021-10-06 03:29:28 info: GET USER INFO -GET- (::1)
2021-10-06 03:29:32 info: ADMIN INFO -GET- (::1)
2021-10-06 03:29:43 info: GET USER INFO -GET- (::1)
2021-10-06 03:29:46 info: ADMIN INFO -GET- (::1)
2021-10-06 03:34:29 info: USER SIGNOUT -POST- (::1)
2021-10-06 03:34:33 info: GET STORE DATA FOR MAP -POST- (::1)
2021-10-06 03:34:55 info: GET STORE DATA FOR MAP -POST- (::1)
2021-10-06 03:35:01 info: OAuth KAKAO LOGIN -POST- (::1)
2021-10-06 03:35:01 error: OAuth KAKAO LOGIN -POST- (::1)
2021-10-06 03:35:04 info: GET STORE DATA FOR MAP -POST- (::1)
2021-10-06 03:35:06 info: GET USER INFO -GET- (::1)
2021-10-06 03:35:27 info: USER INFO UPDATE -PATCH- (::1)
2021-10-06 03:35:29 info: GET USER INFO -GET- (::1)
2021-10-06 03:35:31 info: OAuth KAKAO SIGNOUT -POST- (::1)
2021-10-06 03:35:34 info: GET STORE DATA FOR MAP -POST- (::1)
2021-10-06 03:35:38 info: OAuth NAVER LOGIN -POST- (::1)
2021-10-06 03:35:42 info: GET STORE DATA FOR MAP -POST- (::1)
2021-10-06 03:35:43 info: GET USER INFO -GET- (::1)
2021-10-06 03:36:00 info: USER INFO UPDATE -PATCH- (::1)
2021-10-06 03:36:02 info: GET USER INFO -GET- (::1)
2021-10-06 03:36:05 info: OAuth NAVER SIGNOUT -POST- (::1)
2021-10-06 03:36:08 info: GET STORE DATA FOR MAP -POST- (::1)
2021-10-06 03:52:07 info: USER LOGIN -POST- (::1)
2021-10-06 03:52:10 info: GET STORE DATA FOR MAP -POST- (::1)
2021-10-06 03:52:14 info: GET USER INFO -GET- (::1)
2021-10-06 04:06:12 info: GET STORE DATA FOR MAP -POST- (::1)
2021-10-06 04:06:32 info: GET STORE DATA FOR MAP -POST- (::1)
2021-10-06 04:06:32 info: GET STORE DATA FOR MAP -POST- (::1)
2021-10-06 04:06:35 info: GET STORE DATA -GET- (::1)
2021-10-06 04:10:00 info: USER ORDER -POST- (::1)
2021-10-06 04:10:00 info: USER PAYMENT -POST- (::ffff:127.0.0.1)
2021-10-06 04:10:06 info: GET STORE DATA FOR MAP -POST- (::1)
2021-10-06 04:10:07 info: GET USER INFO -GET- (::1)
2021-10-06 04:10:38 info: USER PAY CANCEL -DELETE- (::1)
2021-10-06 04:10:43 info: GET STORE DATA FOR MAP -POST- (::1)
2021-10-06 04:11:25 info: GET STORE DATA FOR MAP -POST- (::1)
2021-10-06 04:11:49 info: GET STORE DATA -GET- (::1)
2021-10-06 04:13:16 info: USER ORDER -POST- (::1)
2021-10-06 04:13:16 info: USER PAYMENT -POST- (::ffff:127.0.0.1)
2021-10-06 04:13:21 info: GET STORE DATA FOR MAP -POST- (::1)
2021-10-06 04:13:22 info: GET USER INFO -GET- (::1)
2021-10-06 04:15:06 info: USER PAY CANCEL -DELETE- (::1)
2021-10-06 04:15:10 info: GET STORE DATA FOR MAP -POST- (::1)
2021-10-06 04:15:29 info: GET USER INFO -GET- (::1)
2021-10-06 04:15:55 info: GET USER INFO -GET- (::1)
2021-10-06 04:15:59 info: GET STORE DATA FOR MAP -POST- (::1)
2021-10-06 04:16:00 info: GET STORE DATA FOR MAP -POST- (::1)
2021-10-06 04:16:07 info: GET STORE DATA FOR MAP -POST- (::1)
2021-10-06 04:16:09 info: GET STORE DATA -GET- (::1)
2021-10-06 04:17:49 info: USER ORDER -POST- (::1)
2021-10-06 04:17:49 info: USER PAYMENT -POST- (::ffff:127.0.0.1)
2021-10-06 04:17:54 info: GET STORE DATA FOR MAP -POST- (::1)
2021-10-06 04:17:55 info: GET USER INFO -GET- (::1)
2021-10-06 04:18:24 info: USER PAY CANCEL -DELETE- (::1)
2021-10-06 04:18:28 info: GET STORE DATA FOR MAP -POST- (::1)
2021-10-06 04:18:30 info: GET USER INFO -GET- (::1)
2021-10-06 04:19:59 info: GET USER INFO -GET- (::1)
2021-10-06 04:20:04 info: GET STORE DATA FOR MAP -POST- (::1)
2021-10-06 04:20:05 info: GET STORE DATA FOR MAP -POST- (::1)
2021-10-06 04:20:13 info: GET STORE DATA -GET- (::1)
2021-10-06 04:21:53 info: USER ORDER -POST- (::1)
2021-10-06 04:21:53 info: USER PAYMENT -POST- (::ffff:127.0.0.1)
2021-10-06 04:21:58 info: GET STORE DATA FOR MAP -POST- (::1)
2021-10-06 04:21:59 info: GET USER INFO -GET- (::1)
2021-10-06 04:24:19 info: USER PAY CANCEL -DELETE- (::1)
2021-10-06 04:24:23 info: GET STORE DATA FOR MAP -POST- (::1)
2021-10-06 04:24:24 info: GET USER INFO -GET- (::1)
2021-10-06 10:21:44 info: GET STORE DATA FOR MAP -POST- (::1)
